Determining if the pthread_create exist failed with the following output:
Change Dir: /home/cc/ee106a/fa16/class/ee106a-aai/ros_workspaces/lab7_baxter/build/CMakeFiles/CMakeTmp

Run Build Command:/usr/bin/make "cmTryCompileExec2876331229/fast"
/usr/bin/make -f CMakeFiles/cmTryCompileExec2876331229.dir/build.make CMakeFiles/cmTryCompileExec2876331229.dir/build
make[1]: Entering directory `/home/cc/ee106a/fa16/class/ee106a-aai/ros_workspaces/lab7_baxter/build/CMakeFiles/CMakeTmp'
/usr/bin/cmake -E cmake_progress_report /home/cc/ee106a/fa16/class/ee106a-aai/ros_workspaces/lab7_baxter/build/CMakeFiles/CMakeTmp/CMakeFiles 1
Building C object CMakeFiles/cmTryCompileExec2876331229.dir/CheckSymbolExists.c.o
/usr/bin/cc    -o CMakeFiles/cmTryCompileExec2876331229.dir/CheckSymbolExists.c.o   -c /home/cc/ee106a/fa16/class/ee106a-aai/ros_workspaces/lab7_baxter/build/CMakeFiles/CMakeTmp/CheckSymbolExists.c
Linking C executable cmTryCompileExec2876331229
/usr/bin/cmake -E cmake_link_script CMakeFiles/cmTryCompileExec2876331229.dir/link.txt --verbose=1
/usr/bin/cc       CMakeFiles/cmTryCompileExec2876331229.dir/CheckSymbolExists.c.o  -o cmTryCompileExec2876331229 -rdynamic 
CMakeFiles/cmTryCompileExec2876331229.dir/CheckSymbolExists.c.o: In function `main':
CheckSymbolExists.c:(.text+0x16): undefined reference to `pthread_create'
collect2: error: ld returned 1 exit status
make[1]: *** [cmTryCompileExec2876331229] Error 1
make[1]: Leaving directory `/home/cc/ee106a/fa16/class/ee106a-aai/ros_workspaces/lab7_baxter/build/CMakeFiles/CMakeTmp'
make: *** [cmTryCompileExec2876331229/fast] Error 2

File /home/cc/ee106a/fa16/class/ee106a-aai/ros_workspaces/lab7_baxter/build/CMakeFiles/CMakeTmp/CheckSymbolExists.c:
/* */
#include <pthread.h>

int main(int argc, char** argv)
{
  (void)argv;
#ifndef pthread_create
  return ((int*)(&pthread_create))[argc];
#else
  (void)argc;
  return 0;
#endif
}

Determining if the function pthread_create exists in the pthreads failed with the following output:
Change Dir: /home/cc/ee106a/fa16/class/ee106a-aai/ros_workspaces/lab7_baxter/build/CMakeFiles/CMakeTmp

Run Build Command:/usr/bin/make "cmTryCompileExec168763516/fast"
/usr/bin/make -f CMakeFiles/cmTryCompileExec168763516.dir/build.make CMakeFiles/cmTryCompileExec168763516.dir/build
make[1]: Entering directory `/home/cc/ee106a/fa16/class/ee106a-aai/ros_workspaces/lab7_baxter/build/CMakeFiles/CMakeTmp'
/usr/bin/cmake -E cmake_progress_report /home/cc/ee106a/fa16/class/ee106a-aai/ros_workspaces/lab7_baxter/build/CMakeFiles/CMakeTmp/CMakeFiles 1
Building C object CMakeFiles/cmTryCompileExec168763516.dir/CheckFunctionExists.c.o
/usr/bin/cc   -DCHECK_FUNCTION_EXISTS=pthread_create   -o CMakeFiles/cmTryCompileExec168763516.dir/CheckFunctionExists.c.o   -c /usr/share/cmake-2.8/Modules/CheckFunctionExists.c
Linking C executable cmTryCompileExec168763516
/usr/bin/cmake -E cmake_link_script CMakeFiles/cmTryCompileExec168763516.dir/link.txt --verbose=1
/usr/bin/cc   -DCHECK_FUNCTION_EXISTS=pthread_create    CMakeFiles/cmTryCompileExec168763516.dir/CheckFunctionExists.c.o  -o cmTryCompileExec168763516 -rdynamic -lpthreads 
/usr/bin/ld: cannot find -lpthreads
collect2: error: ld returned 1 exit status
make[1]: *** [cmTryCompileExec168763516] Error 1
make[1]: Leaving directory `/home/cc/ee106a/fa16/class/ee106a-aai/ros_workspaces/lab7_baxter/build/CMakeFiles/CMakeTmp'
make: *** [cmTryCompileExec168763516/fast] Error 2


