Determining if the pthread_create exist failed with the following output:
Change Dir: /home/cc/ee106a/fa16/class/ee106a-aai/ros_workspaces/lab5/build/CMakeFiles/CMakeTmp

Run Build Command:/usr/bin/make "cmTryCompileExec178904978/fast"
/usr/bin/make -f CMakeFiles/cmTryCompileExec178904978.dir/build.make CMakeFiles/cmTryCompileExec178904978.dir/build
make[1]: Entering directory `/home/cc/ee106a/fa16/class/ee106a-aai/ros_workspaces/lab5/build/CMakeFiles/CMakeTmp'
/usr/bin/cmake -E cmake_progress_report /home/cc/ee106a/fa16/class/ee106a-aai/ros_workspaces/lab5/build/CMakeFiles/CMakeTmp/CMakeFiles 1
Building C object CMakeFiles/cmTryCompileExec178904978.dir/CheckSymbolExists.c.o
/usr/bin/cc    -o CMakeFiles/cmTryCompileExec178904978.dir/CheckSymbolExists.c.o   -c /home/cc/ee106a/fa16/class/ee106a-aai/ros_workspaces/lab5/build/CMakeFiles/CMakeTmp/CheckSymbolExists.c
Linking C executable cmTryCompileExec178904978
/usr/bin/cmake -E cmake_link_script CMakeFiles/cmTryCompileExec178904978.dir/link.txt --verbose=1
/usr/bin/cc       CMakeFiles/cmTryCompileExec178904978.dir/CheckSymbolExists.c.o  -o cmTryCompileExec178904978 -rdynamic 
CMakeFiles/cmTryCompileExec178904978.dir/CheckSymbolExists.c.o: In function `main':
CheckSymbolExists.c:(.text+0x16): undefined reference to `pthread_create'
collect2: error: ld returned 1 exit status
make[1]: *** [cmTryCompileExec178904978] Error 1
make[1]: Leaving directory `/home/cc/ee106a/fa16/class/ee106a-aai/ros_workspaces/lab5/build/CMakeFiles/CMakeTmp'
make: *** [cmTryCompileExec178904978/fast] Error 2

File /home/cc/ee106a/fa16/class/ee106a-aai/ros_workspaces/lab5/build/CMakeFiles/CMakeTmp/CheckSymbolExists.c:
/* */
#include <pthread.h>

int main(int argc, char** argv)
{
  (void)argv;
#ifndef pthread_create
  return ((int*)(&pthread_create))[argc];
#else
  (void)argc;
  return 0;
#endif
}

Determining if the function pthread_create exists in the pthreads failed with the following output:
Change Dir: /home/cc/ee106a/fa16/class/ee106a-aai/ros_workspaces/lab5/build/CMakeFiles/CMakeTmp

Run Build Command:/usr/bin/make "cmTryCompileExec444460703/fast"
/usr/bin/make -f CMakeFiles/cmTryCompileExec444460703.dir/build.make CMakeFiles/cmTryCompileExec444460703.dir/build
make[1]: Entering directory `/home/cc/ee106a/fa16/class/ee106a-aai/ros_workspaces/lab5/build/CMakeFiles/CMakeTmp'
/usr/bin/cmake -E cmake_progress_report /home/cc/ee106a/fa16/class/ee106a-aai/ros_workspaces/lab5/build/CMakeFiles/CMakeTmp/CMakeFiles 1
Building C object CMakeFiles/cmTryCompileExec444460703.dir/CheckFunctionExists.c.o
/usr/bin/cc   -DCHECK_FUNCTION_EXISTS=pthread_create   -o CMakeFiles/cmTryCompileExec444460703.dir/CheckFunctionExists.c.o   -c /usr/share/cmake-2.8/Modules/CheckFunctionExists.c
Linking C executable cmTryCompileExec444460703
/usr/bin/cmake -E cmake_link_script CMakeFiles/cmTryCompileExec444460703.dir/link.txt --verbose=1
/usr/bin/cc   -DCHECK_FUNCTION_EXISTS=pthread_create    CMakeFiles/cmTryCompileExec444460703.dir/CheckFunctionExists.c.o  -o cmTryCompileExec444460703 -rdynamic -lpthreads 
/usr/bin/ld: cannot find -lpthreads
collect2: error: ld returned 1 exit status
make[1]: *** [cmTryCompileExec444460703] Error 1
make[1]: Leaving directory `/home/cc/ee106a/fa16/class/ee106a-aai/ros_workspaces/lab5/build/CMakeFiles/CMakeTmp'
make: *** [cmTryCompileExec444460703/fast] Error 2


