Determining if the pthread_create exist failed with the following output:
Change Dir: /home/cc/ee106a/fa16/class/ee106a-aai/ros_workspaces/lab3_baxter/build/CMakeFiles/CMakeTmp

Run Build Command:/usr/bin/make "cmTryCompileExec784753279/fast"
/usr/bin/make -f CMakeFiles/cmTryCompileExec784753279.dir/build.make CMakeFiles/cmTryCompileExec784753279.dir/build
make[1]: Entering directory `/home/cc/ee106a/fa16/class/ee106a-aai/ros_workspaces/lab3_baxter/build/CMakeFiles/CMakeTmp'
/usr/bin/cmake -E cmake_progress_report /home/cc/ee106a/fa16/class/ee106a-aai/ros_workspaces/lab3_baxter/build/CMakeFiles/CMakeTmp/CMakeFiles 1
Building C object CMakeFiles/cmTryCompileExec784753279.dir/CheckSymbolExists.c.o
/usr/bin/cc    -o CMakeFiles/cmTryCompileExec784753279.dir/CheckSymbolExists.c.o   -c /home/cc/ee106a/fa16/class/ee106a-aai/ros_workspaces/lab3_baxter/build/CMakeFiles/CMakeTmp/CheckSymbolExists.c
Linking C executable cmTryCompileExec784753279
/usr/bin/cmake -E cmake_link_script CMakeFiles/cmTryCompileExec784753279.dir/link.txt --verbose=1
/usr/bin/cc       CMakeFiles/cmTryCompileExec784753279.dir/CheckSymbolExists.c.o  -o cmTryCompileExec784753279 -rdynamic 
CMakeFiles/cmTryCompileExec784753279.dir/CheckSymbolExists.c.o: In function `main':
CheckSymbolExists.c:(.text+0x16): undefined reference to `pthread_create'
collect2: error: ld returned 1 exit status
make[1]: *** [cmTryCompileExec784753279] Error 1
make[1]: Leaving directory `/home/cc/ee106a/fa16/class/ee106a-aai/ros_workspaces/lab3_baxter/build/CMakeFiles/CMakeTmp'
make: *** [cmTryCompileExec784753279/fast] Error 2

File /home/cc/ee106a/fa16/class/ee106a-aai/ros_workspaces/lab3_baxter/build/CMakeFiles/CMakeTmp/CheckSymbolExists.c:
/* */
#include <pthread.h>

int main(int argc, char** argv)
{
  (void)argv;
#ifndef pthread_create
  return ((int*)(&pthread_create))[argc];
#else
  (void)argc;
  return 0;
#endif
}

Determining if the function pthread_create exists in the pthreads failed with the following output:
Change Dir: /home/cc/ee106a/fa16/class/ee106a-aai/ros_workspaces/lab3_baxter/build/CMakeFiles/CMakeTmp

Run Build Command:/usr/bin/make "cmTryCompileExec721721432/fast"
/usr/bin/make -f CMakeFiles/cmTryCompileExec721721432.dir/build.make CMakeFiles/cmTryCompileExec721721432.dir/build
make[1]: Entering directory `/home/cc/ee106a/fa16/class/ee106a-aai/ros_workspaces/lab3_baxter/build/CMakeFiles/CMakeTmp'
/usr/bin/cmake -E cmake_progress_report /home/cc/ee106a/fa16/class/ee106a-aai/ros_workspaces/lab3_baxter/build/CMakeFiles/CMakeTmp/CMakeFiles 1
Building C object CMakeFiles/cmTryCompileExec721721432.dir/CheckFunctionExists.c.o
/usr/bin/cc   -DCHECK_FUNCTION_EXISTS=pthread_create   -o CMakeFiles/cmTryCompileExec721721432.dir/CheckFunctionExists.c.o   -c /usr/share/cmake-2.8/Modules/CheckFunctionExists.c
Linking C executable cmTryCompileExec721721432
/usr/bin/cmake -E cmake_link_script CMakeFiles/cmTryCompileExec721721432.dir/link.txt --verbose=1
/usr/bin/cc   -DCHECK_FUNCTION_EXISTS=pthread_create    CMakeFiles/cmTryCompileExec721721432.dir/CheckFunctionExists.c.o  -o cmTryCompileExec721721432 -rdynamic -lpthreads 
/usr/bin/ld: cannot find -lpthreads
collect2: error: ld returned 1 exit status
make[1]: *** [cmTryCompileExec721721432] Error 1
make[1]: Leaving directory `/home/cc/ee106a/fa16/class/ee106a-aai/ros_workspaces/lab3_baxter/build/CMakeFiles/CMakeTmp'
make: *** [cmTryCompileExec721721432/fast] Error 2


